<?xml version="1.0" encoding="UTF-8"?>
<!-- Generated by org.testng.reporters.JUnitReportReporter -->
<testsuite hostname="DESKTOP-83DRFKP" failures="0" tests="4" name="com.qa.testcases.HomePageTest" time="202.751" errors="0" timestamp="2021-08-18T22:14:11 IST" skipped="0">
  <testcase classname="com.qa.testcases.HomePageTest" name="verifyHomePageTitleTest" time="73.916"/>
  <system-out/>
  <testcase classname="com.qa.testcases.HomePageTest" name="verifyUserNameTest" time="38.882"/>
  <system-out/>
  <testcase classname="com.qa.testcases.HomePageTest" name="verifyHomePagecrmLOGOTest" time="51.964"/>
  <system-out/>
  <testcase classname="com.qa.testcases.HomePageTest" name="verifyContactsLinkTest" time="37.989"/>
  <system-out/>
</testsuite> <!-- com.qa.testcases.HomePageTest -->
