<?xml version="1.0" encoding="UTF-8"?>
<!-- Generated by org.testng.reporters.JUnitReportReporter -->
<testsuite hostname="DESKTOP-83DRFKP" failures="0" tests="3" name="com.qa.testcases.LoginPageTest" time="139.130" errors="0" timestamp="2021-08-18T22:14:11 IST" skipped="0">
  <testcase classname="com.qa.testcases.LoginPageTest" name="loginPageTitleTest" time="19.236"/>
  <system-out/>
  <testcase classname="com.qa.testcases.LoginPageTest" name="ForgotPwdLinkTest" time="61.707"/>
  <system-out/>
  <testcase classname="com.qa.testcases.LoginPageTest" name="loginTest" time="58.187"/>
  <system-out/>
</testsuite> <!-- com.qa.testcases.LoginPageTest -->
