<?xml version="1.0" encoding="UTF-8"?>
<!-- Generated by org.testng.reporters.JUnitReportReporter -->
<testsuite hostname="DESKTOP-83DRFKP" failures="0" tests="3" name="com.qa.testcases.LoginPageTest" time="54.914" errors="0" timestamp="2021-08-19T13:17:41 IST" skipped="0">
  <testcase classname="com.qa.testcases.LoginPageTest" name="loginPageTitleTest" time="10.804"/>
  <system-out/>
  <testcase classname="com.qa.testcases.LoginPageTest" name="ForgotPwdLinkTest" time="19.829"/>
  <system-out/>
  <testcase classname="com.qa.testcases.LoginPageTest" name="loginTest" time="24.281"/>
  <system-out/>
</testsuite> <!-- com.qa.testcases.LoginPageTest -->
