<?xml version="1.0" encoding="UTF-8"?>
<!-- Generated by org.testng.reporters.JUnitReportReporter -->
<testsuite hostname="DESKTOP-83DRFKP" failures="0" tests="4" name="com.qa.testcases.HomePageTest" time="184.491" errors="0" timestamp="2021-08-19T13:17:41 IST" skipped="0">
  <testcase classname="com.qa.testcases.HomePageTest" name="verifyHomePageTitleTest" time="32.499"/>
  <system-out/>
  <testcase classname="com.qa.testcases.HomePageTest" name="verifyUserNameTest" time="41.444"/>
  <system-out/>
  <testcase classname="com.qa.testcases.HomePageTest" name="verifyHomePagecrmLOGOTest" time="37.288"/>
  <system-out/>
  <testcase classname="com.qa.testcases.HomePageTest" name="verifyContactsLinkTest" time="73.260"/>
  <system-out/>
</testsuite> <!-- com.qa.testcases.HomePageTest -->
